<?xml version="1.0" encoding="UTF-8"?>
<!-- Generated by org.testng.reporters.JUnitXMLReporter -->
<testsuite hostname="Home" ignored="1" name="Default test(failed)" tests="2" failures="2" timestamp="17 Nov 2018 16:48:03 GMT" time="54.734" errors="0">
  <testcase name="case2" time="4.392" classname="java_package.LMSC">
    <failure type="java.lang.AssertionError" message="expected [Invalid Email Address and Password] but found [Invalid Email Address and Password1]">
      <![CDATA[java.lang.AssertionError: expected [Invalid Email Address and Password] but found [Invalid Email Address and Password1]
at java_package.LMSC.errorLogin(LMSC.java:26)
at java_package.LMSC.case2(LMSC.java:40)
... Removed 31 stack frames]]>
    </failure>
  </testcase> <!-- case2 -->
  <testcase name="case3" time="4.129" classname="java_package.LMSC">
    <failure type="java.lang.AssertionError" message="expected [Invalid Email Address and Password] but found [Invalid Email Address and Password1]">
      <![CDATA[java.lang.AssertionError: expected [Invalid Email Address and Password] but found [Invalid Email Address and Password1]
at java_package.LMSC.errorLogin(LMSC.java:26)
at java_package.LMSC.case3(LMSC.java:48)
... Removed 31 stack frames]]>
    </failure>
  </testcase> <!-- case3 -->
  <testcase name="case1" time="0.0" classname="java_package.LMSC">
    <ignored/>
  </testcase> <!-- case1 -->
</testsuite> <!-- Default test(failed) -->
