<?xml version="1.0" encoding="UTF-8"?>
<testng-results skipped="0" failed="0" ignored="0" total="1" passed="1">
  <reporter-output>
  </reporter-output>
  <suite name="Default suite" duration-ms="64" started-at="2019-01-13T16:53:15Z" finished-at="2019-01-13T16:53:15Z">
    <groups>
    </groups>
    <test name="Default test" duration-ms="64" started-at="2019-01-13T16:53:15Z" finished-at="2019-01-13T16:53:15Z">
      <class name="test.Getproperties">
        <test-method status="PASS" signature="Initialization()[pri:0, instance:test.Getproperties@2b98378d]" name="Initialization" duration-ms="16" started-at="2019-01-13T16:53:15Z" finished-at="2019-01-13T16:53:15Z">
          <reporter-output>
          </reporter-output>
        </test-method> <!-- Initialization -->
      </class> <!-- test.Getproperties -->
    </test> <!-- Default test -->
  </suite> <!-- Default suite -->
</testng-results>
